C251 COMPILER V5.60.0,  isr                                                                29/04/21  07:07:03  PAGE 1   


C251 COMPILER V5.60.0, COMPILATION OF MODULE isr
OBJECT MODULE PLACED IN .\Out_File\isr.obj
COMPILER INVOKED BY: E:\Keil_v5\C251\BIN\C251.EXE ..\USER\src\isr.c XSMALL INTR2 WARNINGLEVEL(3) BROWSE INCDIR(..\..\Lib
                    -raries\libraries;..\..\Libraries\seekfree_libraries;..\..\Libraries\seekfree_peripheral;..\USER\inc;..\USER\src;..\USER\
                    -src\MPU6050_FILE) DEBUG PRINT(.\Out_File\isr.lst) TABS(2) OBJECT(.\Out_File\isr.obj) 

stmt  level    source

    1          ///******************************************************************************************************
             -***************
    2          // * COPYRIGHT NOTICE
    3          // * Copyright (c) 2020,逐飞科技
    4          // * All rights reserved.
    5          // * 技术讨论QQ群：一群：179029047(已满)  二群：244861897(已满)  三群：824575535
    6          // *
    7          // * 以下所有内容版权均属逐飞科技所有，未经允许不得用于商业用途，
    8          // * 欢迎各位使用并传播本程序，修改内容时必须保留逐飞科技的版权声明。
    9          // *
   10          // * @file          isr
   11          // * @company       成都逐飞科技有限公司
   12          // * @author        逐飞科技(QQ790875685)
   13          // * @version       查看doc内version文件 版本说明
   14          // * @Software      MDK FOR C251 V5.60
   15          // * @Target core   STC16F40K128
   16          // * @Taobao        https://seekfree.taobao.com/
   17          // * @date          2020-4-14
   18          // ******************************************************************************************************
             -**************/
   19          #include "headfile.h"
   20          
   21          //extern float Ac
   22          Time_Count_Type_Def Time_Count;              //计数器结构
   23          Time_Type_Def Time_Current, Time_Last;       //当前时间与上次时间
   24          Debug_Mod_Type_Def Debug_Mod;
   25          
   26          #define M_PI 3.14159265
   27          #define kal_Q 0.001  /*过程噪声协方差,Q增大，动态响应变快，收敛稳定性变坏*/
   28          #define kal_R 0.542  /*观测噪声协方差,R增大，动态响应变慢，收敛稳定性变好*/
   29          
   30          float angle_filted;                //数据融合后的角度   
   31          float sum_acc_z;
   32          float sum_acc_y;
   33          float sum_gyro_y; 
   34          int num = 0;
   35          /********************************************************************************************************
             -****************************/
   36          
   37                                                  //UART1中断
   38                                                  void UART1_Isr() interrupt 4
   39                                                  {
   40   1                                                  uint8 res;
   41   1                                                static uint8 dwon_count;
   42   1                                                  if(UART1_GET_TX_FLAG)
   43   1                                                  {
   44   2                                                      UART1_CLEAR_TX_FLAG;
   45   2                                                      busy[1] = 0;
   46   2                                                  }
   47   1                                                  if(UART1_GET_RX_FLAG)
   48   1                                                  {
   49   2                                                      UART1_CLEAR_RX_FLAG;
   50   2                                                      res = SBUF;
   51   2                                                      //程序自动下载
   52   2                                                      if(res == 0x7F)
   53   2                                                      {
   54   3                                                          if(dwon_count++ > 20)
C251 COMPILER V5.60.0,  isr                                                                29/04/21  07:07:03  PAGE 2   

   55   3                                                              IAP_CONTR = 0x60;
   56   3                                                      }
   57   2                                                      else
   58   2                                                      {
   59   3                                                          dwon_count = 0;
   60   3                                                      }
   61   2                                                  }
   62   1                                              }
   63          
   64                                                  //UART2中断
   65                                                  void UART2_Isr() interrupt 8
   66                                                  {
   67   1                                                  if(UART2_GET_TX_FLAG)
   68   1                                                {
   69   2                                                      UART2_CLEAR_TX_FLAG;
   70   2                                                  busy[2] = 0;
   71   2                                                }
   72   1                                                  if(UART2_GET_RX_FLAG)
   73   1                                                {
   74   2                                                      UART2_CLEAR_RX_FLAG;
   75   2                                                  //接收数据寄存器为：S2BUF
   76   2      
   77   2                                                }
   78   1                                              }
   79          
   80          
   81                                                  //UART3中断
   82                                                  void UART3_Isr() interrupt 17
   83                                                  {
   84   1                                                  if(UART3_GET_TX_FLAG)
   85   1                                                {
   86   2                                                      UART3_CLEAR_TX_FLAG;
   87   2                                                  busy[3] = 0;
   88   2                                                }
   89   1                                                  if(UART3_GET_RX_FLAG)
   90   1                                                {
   91   2                                                      UART3_CLEAR_RX_FLAG;
   92   2                                                  //接收数据寄存器为：S3BUF
   93   2      
   94   2                                                }
   95   1                                              }
   96          
   97          
   98                                                  //UART4中断
   99                                                  void UART4_Isr() interrupt 18
  100                                                  {
  101   1                                                  if(UART4_GET_TX_FLAG)
  102   1                                                {
  103   2                                                      UART4_CLEAR_TX_FLAG;
  104   2                                                  busy[4] = 0;
  105   2                                                }
  106   1                                                  if(UART4_GET_RX_FLAG)
  107   1                                                {
  108   2                                                      UART4_CLEAR_RX_FLAG;
  109   2                                                  //接收数据寄存器为：S4BUF;
  110   2      
  111   2                                                  wireless_uart_callback();//无线转串口回调函数
  112   2                                                }
  113   1                                              }
  114          
  115                                                  #define LED P52
  116                                                  void INT0_Isr() interrupt 0
  117                                                  {
  118   1                                                LED = 0;  //点亮LED
  119   1                                              }
  120                                                  void INT1_Isr() interrupt 2
C251 COMPILER V5.60.0,  isr                                                                29/04/21  07:07:03  PAGE 3   

  121                                                  {
  122   1                                              
  123   1                                              }
  124                                                  void INT2_Isr() interrupt 10
  125                                                  {
  126   1                                                INT2_CLEAR_FLAG;  //清除中断标志
  127   1                                              }
  128                                                  void INT3_Isr() interrupt 11
  129                                                  {
  130   1                                                INT3_CLEAR_FLAG;  //清除中断标志
  131   1                                              }
  132          
  133                                                  void INT4_Isr() interrupt 16
  134                                                  {
  135   1                                                INT4_CLEAR_FLAG;  //清除中断标志
  136   1                                              }
  137          
  138                                                  void TM0_Isr() interrupt 1
  139                                                  {
  140   1                                              
  141   1                                              }
  142                                                  void TM1_Isr() interrupt 3
  143                                                  {
  144   1                                              
  145   1                                              }
  146          /********************************************************************************************************
             -****************************/
  147          void TM2_Isr() interrupt 12 //pit,直立环
  148          {
  149   1          MPU6050_get_GyandAcc();
  150   1              
  151   1          angle_filted = atan2(mpu_acc_z, mpu_acc_y) * 180 / M_PI;
  152   1        angle_filted = KalmanFilter(angle_filted, mpu_gyro_y);
  153   1          oled_printf_float(0, 0, angle_filted, 4, 4);
  154   1      
  155   1          //Steereo_Ctrl(angle_filted - 93.3f);
  156   1        TIM2_CLEAR_FLAG;  //清除中断标志
  157   1        
  158   1      }
  159          void TM3_Isr() interrupt 19
  160          {
  161   1        TIM3_CLEAR_FLAG; //清除中断标志
  162   1        
  163   1      }
  164          
  165          void TM4_Isr() interrupt 20
  166          {
  167   1        TIM4_CLEAR_FLAG; //清除中断标志
  168   1      //  ccd_collect();   //CCD采集数据
  169   1      
  170   1      }
  171          
  172          //void  INT0_Isr()  interrupt 0;
  173          //void  TM0_Isr()   interrupt 1;
  174          //void  INT1_Isr()  interrupt 2;
  175          //void  TM1_Isr()   interrupt 3;
  176          //void  UART1_Isr() interrupt 4;
  177          //void  ADC_Isr()   interrupt 5;
  178          //void  LVD_Isr()   interrupt 6;
  179          //void  PCA_Isr()   interrupt 7;
  180          //void  UART2_Isr() interrupt 8;
  181          //void  SPI_Isr()   interrupt 9;
  182          //void  INT2_Isr()  interrupt 10;
  183          //void  INT3_Isr()  interrupt 11;
  184          //void  TM2_Isr()   interrupt 12;
  185          //void  INT4_Isr()  interrupt 16;
C251 COMPILER V5.60.0,  isr                                                                29/04/21  07:07:03  PAGE 4   

  186          //void  UART3_Isr() interrupt 17;
  187          //void  UART4_Isr() interrupt 18;
  188          //void  TM3_Isr()   interrupt 19;
  189          //void  TM4_Isr()   interrupt 20;
  190          //void  CMP_Isr()   interrupt 21;
  191          //void  I2C_Isr()   interrupt 24;
  192          //void  USB_Isr()   interrupt 25;
  193          //void  PWM1_Isr()  interrupt 26;
  194          //void  PWM2_Isr()  interrupt 27;


Module Information          Static   Overlayable
------------------------------------------------
  code size            =       417     ------
  ecode size           =    ------     ------
  data size            =    ------     ------
  idata size           =    ------     ------
  pdata size           =    ------     ------
  xdata size           =    ------     ------
  xdata-const size     =    ------     ------
  edata size           =        41     ------
  bit size             =    ------     ------
  ebit size            =    ------     ------
  bitaddressable size  =    ------     ------
  ebitaddressable size =    ------     ------
  far data size        =    ------     ------
  huge data size       =    ------     ------
  const size           =    ------     ------
  hconst size          =         6     ------
End of Module Information.


C251 COMPILATION COMPLETE.  0 WARNING(S),  0 ERROR(S)
