C251 COMPILER V5.60.0,  System                                                             29/04/21  07:07:03  PAGE 1   


C251 COMPILER V5.60.0, COMPILATION OF MODULE System
OBJECT MODULE PLACED IN .\Out_File\System.obj
COMPILER INVOKED BY: E:\Keil_v5\C251\BIN\C251.EXE ..\USER\src\System.c XSMALL INTR2 WARNINGLEVEL(3) BROWSE INCDIR(..\..\
                    -Libraries\libraries;..\..\Libraries\seekfree_libraries;..\..\Libraries\seekfree_peripheral;..\USER\inc;..\USER\src;..\US
                    -ER\src\MPU6050_FILE) DEBUG PRINT(.\Out_File\System.lst) TABS(2) OBJECT(.\Out_File\System.obj) 

stmt  level    source

    1          #include "headfile.h"
    2          
    3          /*
    4          // @brief  System initialize.
    5          // @para   NULL
    6          // @return void
    7          // @sample 
    8          */
    9          void Init_System(void)
   10          {
   11   1          Init_Para();    //Parameters done!
   12   1          Init_Drivers(); //Drivers done!
   13   1      }
   14          
   15          
   16          
   17          /*
   18          // @brief  Parameters initialize.
   19          // @para   NULL
   20          // @return void
   21          // @sample 
   22          */
   23          void Init_Para()
   24          {
   25   1          
   26   1      }
   27          
   28          
   29          
   30          /*
   31          // @brief  Drivers initialize.
   32          // @para   NULL
   33          // @return void
   34          // @sample 
   35          */
   36          void Init_Drivers()
   37          {
   38   1          //OLED initialize.
   39   1          oled_init();
   40   1          
   41   1          //Inductor initialize.
   42   1          Inductor_init();
   43   1      
   44   1          //mpu6050 initialize.
   45   1          //icm20602_init_simiic();
   46   1          mpu6050_init();
   47   1          // MPU6050_Offset();
   48   1      
   49   1          //Stero initialize.
   50   1          pwm_init(PWMB_CH1_P74, 80, Stereo_MID);     //ÂàùÂßãÂåñPWMB  ‰ΩøÁî®ÂºïËÑöP7.4  ËæìÂá∫PWMÈ¢ëÁéá80HZ ‰∏
             -≠ÂÄº7500.
   51   1          pwm_init(PWMA_CH1P_P60, 10000, 10000);
   52   1        pwm_init(PWMA_CH2P_P62, 10000, 0);
   53   1      }
   54          
   55          void QuikSort(float arr[], int low, int high) reentrant 
   56          {
C251 COMPILER V5.60.0,  System                                                             29/04/21  07:07:03  PAGE 2   

   57   1          if(low < high) {
   58   2              int standard = getStandard(arr, low, high);
   59   2              //ÈÄíÂΩíË∞ÉÁî®
   60   2              QuikSort(arr, low, standard - 1);
   61   2              QuikSort(arr, standard + 1, high);
   62   2          }
   63   1      }
   64          
   65          int getStandard(int arr[], int i, int j) 
   66          {
   67   1          int key = arr[i];
   68   1          while (i < j)
   69   1          {
   70   2              // Âõ†‰∏∫ÈªòËÆ§Âü∫ÂáÜÊòØ‰ªéÂ∑¶ËæπÂºÄÂßãÔºåÊâÄ‰ª•‰ªéÂè≥ËæπÂºÄÂßãÊØîËæÉ
   71   2              // ÂΩìÈòüÂ∞æÁöÑÂÖÉÁ¥†Â§ß‰∫éÁ≠â‰∫éÂü∫ÂáÜÊï∞ÊçÆ Êó∂,Â∞±‰∏ÄÁõ¥ÂêëÂâçÊå™Âä® j ÊåáÈíà
   72   2              while (i < j && arr[j] >= key) {
   73   3                  j--;
   74   3              }
   75   2              // ÂΩìÊâæÂà∞ÊØî arr[i] Â∞èÁöÑÊó∂ÔºåÂ∞±ÊääÂêéÈù¢ÁöÑÂÄº arr[j] ËµãÁªôÂÆÉ
   76   2              if (i < j) {
   77   3                  arr[i] = arr[j];
   78   3              }
   79   2              // ÂΩìÈòüÈ¶ñÂÖÉÁ¥†Â∞è‰∫éÁ≠â‰∫éÂü∫ÂáÜÊï∞ÊçÆ Êó∂,Â∞±‰∏ÄÁõ¥ÂêëÂêéÊå™Âä® i ÊåáÈíà
   80   2              while (i < j && arr[i] <= key) {
   81   3                  i++;
   82   3              }
   83   2              // ÂΩìÊâæÂà∞ÊØî arr[j] Â§ßÁöÑÊó∂ÔºåÂ∞±ÊääÂâçÈù¢ÁöÑÂÄº arr[i] ËµãÁªôÂÆÉ
   84   2              if (i < j) {
   85   3                  arr[j] = arr[i];
   86   3              }
   87   2          }
   88   1          arr[i] = key;
   89   1          return i;
   90   1          
   91   1      }


Module Information          Static   Overlayable
------------------------------------------------
  code size            =       272     ------
  ecode size           =    ------     ------
  data size            =    ------     ------
  idata size           =    ------     ------
  pdata size           =    ------     ------
  xdata size           =    ------     ------
  xdata-const size     =    ------     ------
  edata size           =    ------     ------
  bit size             =    ------     ------
  ebit size            =    ------     ------
  bitaddressable size  =    ------     ------
  ebitaddressable size =    ------     ------
  far data size        =    ------     ------
  huge data size       =    ------     ------
  const size           =    ------     ------
  hconst size          =    ------     ------
End of Module Information.


C251 COMPILATION COMPLETE.  0 WARNING(S),  0 ERROR(S)
